D:\Projects\RNN_LaRue\KAIZEN\jdk-17.0.2\bin\java.exe -javaagent:D:\workspaces\dev-env\ideaIC\lib\idea_rt.jar=63099:D:\workspaces\dev-env\ideaIC\bin -Dfile.encoding=UTF-8 -classpath D:\workspaces\dev-env\workspaces\Security-DevOps\target\classes;C:\Users\ThaoPN1\.m2\repository\org\springframework\boot\spring-boot-starter-data-jpa\2.7.12\spring-boot-starter-data-jpa-2.7.12.jar;C:\Users\ThaoPN1\.m2\repository\org\springframework\boot\spring-boot-starter-aop\2.7.12\spring-boot-starter-aop-2.7.12.jar;C:\Users\ThaoPN1\.m2\repository\org\aspectj\aspectjweaver\1.9.7\aspectjweaver-1.9.7.jar;C:\Users\ThaoPN1\.m2\repository\org\springframework\boot\spring-boot-starter-jdbc\2.7.12\spring-boot-starter-jdbc-2.7.12.jar;C:\Users\ThaoPN1\.m2\repository\com\zaxxer\HikariCP\4.0.3\HikariCP-4.0.3.jar;C:\Users\ThaoPN1\.m2\repository\org\springframework\spring-jdbc\5.3.27\spring-jdbc-5.3.27.jar;C:\Users\ThaoPN1\.m2\repository\jakarta\transaction\jakarta.transaction-api\1.3.3\jakarta.transaction-api-1.3.3.jar;C:\Users\ThaoPN1\.m2\repository\jakarta\persistence\jakarta.persistence-api\2.2.3\jakarta.persistence-api-2.2.3.jar;C:\Users\ThaoPN1\.m2\repository\org\hibernate\hibernate-core\5.6.15.Final\hibernate-core-5.6.15.Final.jar;C:\Users\ThaoPN1\.m2\repository\org\jboss\logging\jboss-logging\3.4.3.Final\jboss-logging-3.4.3.Final.jar;C:\Users\ThaoPN1\.m2\repository\antlr\antlr\2.7.7\antlr-2.7.7.jar;C:\Users\ThaoPN1\.m2\repository\org\jboss\jandex\2.4.2.Final\jandex-2.4.2.Final.jar;C:\Users\ThaoPN1\.m2\repository\com\fasterxml\classmate\1.5.1\classmate-1.5.1.jar;C:\Users\ThaoPN1\.m2\repository\org\hibernate\common\hibernate-commons-annotations\5.1.2.Final\hibernate-commons-annotations-5.1.2.Final.jar;C:\Users\ThaoPN1\.m2\repository\org\glassfish\jaxb\jaxb-runtime\2.3.8\jaxb-runtime-2.3.8.jar;C:\Users\ThaoPN1\.m2\repository\org\glassfish\jaxb\txw2\2.3.8\txw2-2.3.8.jar;C:\Users\ThaoPN1\.m2\repository\com\sun\istack\istack-commons-runtime\3.0.12\istack-commons-runtime-3.0.12.jar;C:\Users\ThaoPN1\.m2\repository\com\sun\activation\jakarta.activation\1.2.2\jakarta.activation-1.2.2.jar;C:\Users\ThaoPN1\.m2\repository\org\springframework\data\spring-data-jpa\2.7.12\spring-data-jpa-2.7.12.jar;C:\Users\ThaoPN1\.m2\repository\org\springframework\data\spring-data-commons\2.7.12\spring-data-commons-2.7.12.jar;C:\Users\ThaoPN1\.m2\repository\org\springframework\spring-orm\5.3.27\spring-orm-5.3.27.jar;C:\Users\ThaoPN1\.m2\repository\org\springframework\spring-context\5.3.27\spring-context-5.3.27.jar;C:\Users\ThaoPN1\.m2\repository\org\springframework\spring-tx\5.3.27\spring-tx-5.3.27.jar;C:\Users\ThaoPN1\.m2\repository\org\springframework\spring-beans\5.3.27\spring-beans-5.3.27.jar;C:\Users\ThaoPN1\.m2\repository\org\slf4j\slf4j-api\1.7.36\slf4j-api-1.7.36.jar;C:\Users\ThaoPN1\.m2\repository\org\springframework\spring-aspects\5.3.27\spring-aspects-5.3.27.jar;C:\Users\ThaoPN1\.m2\repository\org\springframework\boot\spring-boot-starter-web\2.7.12\spring-boot-starter-web-2.7.12.jar;C:\Users\ThaoPN1\.m2\repository\org\springframework\boot\spring-boot-starter\2.7.12\spring-boot-starter-2.7.12.jar;C:\Users\ThaoPN1\.m2\repository\org\springframework\boot\spring-boot\2.7.12\spring-boot-2.7.12.jar;C:\Users\ThaoPN1\.m2\repository\org\springframework\boot\spring-boot-autoconfigure\2.7.12\spring-boot-autoconfigure-2.7.12.jar;C:\Users\ThaoPN1\.m2\repository\org\yaml\snakeyaml\1.30\snakeyaml-1.30.jar;C:\Users\ThaoPN1\.m2\repository\org\springframework\boot\spring-boot-starter-json\2.7.12\spring-boot-starter-json-2.7.12.jar;C:\Users\ThaoPN1\.m2\repository\com\fasterxml\jackson\datatype\jackson-datatype-jdk8\2.13.5\jackson-datatype-jdk8-2.13.5.jar;C:\Users\ThaoPN1\.m2\repository\com\fasterxml\jackson\datatype\jackson-datatype-jsr310\2.13.5\jackson-datatype-jsr310-2.13.5.jar;C:\Users\ThaoPN1\.m2\repository\com\fasterxml\jackson\module\jackson-module-parameter-names\2.13.5\jackson-module-parameter-names-2.13.5.jar;C:\Users\ThaoPN1\.m2\repository\org\springframework\spring-web\5.3.27\spring-web-5.3.27.jar;C:\Users\ThaoPN1\.m2\repository\org\springframework\spring-webmvc\5.3.27\spring-webmvc-5.3.27.jar;C:\Users\ThaoPN1\.m2\repository\org\springframework\spring-expression\5.3.27\spring-expression-5.3.27.jar;C:\Users\ThaoPN1\.m2\repository\org\springframework\boot\spring-boot-starter-log4j2\2.7.12\spring-boot-starter-log4j2-2.7.12.jar;C:\Users\ThaoPN1\.m2\repository\org\apache\logging\log4j\log4j-slf4j-impl\2.17.2\log4j-slf4j-impl-2.17.2.jar;C:\Users\ThaoPN1\.m2\repository\org\apache\logging\log4j\log4j-jul\2.17.2\log4j-jul-2.17.2.jar;C:\Users\ThaoPN1\.m2\repository\org\slf4j\jul-to-slf4j\1.7.36\jul-to-slf4j-1.7.36.jar;C:\Users\ThaoPN1\.m2\repository\org\springframework\boot\spring-boot-starter-tomcat\2.7.12\spring-boot-starter-tomcat-2.7.12.jar;C:\Users\ThaoPN1\.m2\repository\jakarta\annotation\jakarta.annotation-api\1.3.5\jakarta.annotation-api-1.3.5.jar;C:\Users\ThaoPN1\.m2\repository\org\apache\tomcat\embed\tomcat-embed-core\9.0.75\tomcat-embed-core-9.0.75.jar;C:\Users\ThaoPN1\.m2\repository\org\apache\tomcat\embed\tomcat-embed-el\9.0.75\tomcat-embed-el-9.0.75.jar;C:\Users\ThaoPN1\.m2\repository\org\apache\tomcat\embed\tomcat-embed-websocket\9.0.75\tomcat-embed-websocket-9.0.75.jar;C:\Users\ThaoPN1\.m2\repository\com\h2database\h2\2.1.214\h2-2.1.214.jar;C:\Users\ThaoPN1\.m2\repository\org\springframework\boot\spring-boot-starter-security\2.7.12\spring-boot-starter-security-2.7.12.jar;C:\Users\ThaoPN1\.m2\repository\org\springframework\spring-aop\5.3.27\spring-aop-5.3.27.jar;C:\Users\ThaoPN1\.m2\repository\org\springframework\security\spring-security-config\5.7.8\spring-security-config-5.7.8.jar;C:\Users\ThaoPN1\.m2\repository\org\springframework\security\spring-security-web\5.7.8\spring-security-web-5.7.8.jar;C:\Users\ThaoPN1\.m2\repository\com\auth0\java-jwt\3.19.2\java-jwt-3.19.2.jar;C:\Users\ThaoPN1\.m2\repository\com\fasterxml\jackson\core\jackson-databind\2.13.5\jackson-databind-2.13.5.jar;C:\Users\ThaoPN1\.m2\repository\com\fasterxml\jackson\core\jackson-annotations\2.13.5\jackson-annotations-2.13.5.jar;C:\Users\ThaoPN1\.m2\repository\com\fasterxml\jackson\core\jackson-core\2.13.5\jackson-core-2.13.5.jar;C:\Users\ThaoPN1\.m2\repository\jakarta\xml\bind\jakarta.xml.bind-api\2.3.3\jakarta.xml.bind-api-2.3.3.jar;C:\Users\ThaoPN1\.m2\repository\jakarta\activation\jakarta.activation-api\1.2.2\jakarta.activation-api-1.2.2.jar;C:\Users\ThaoPN1\.m2\repository\org\hamcrest\hamcrest\2.2\hamcrest-2.2.jar;C:\Users\ThaoPN1\.m2\repository\org\springframework\spring-core\5.3.27\spring-core-5.3.27.jar;C:\Users\ThaoPN1\.m2\repository\org\springframework\spring-jcl\5.3.27\spring-jcl-5.3.27.jar;C:\Users\ThaoPN1\.m2\repository\org\springframework\security\spring-security-core\5.7.8\spring-security-core-5.7.8.jar;C:\Users\ThaoPN1\.m2\repository\org\springframework\security\spring-security-crypto\5.7.8\spring-security-crypto-5.7.8.jar;C:\Users\ThaoPN1\.m2\repository\org\codehaus\mojo\tomcat-maven-plugin\1.1\tomcat-maven-plugin-1.1.jar;C:\Users\ThaoPN1\.m2\repository\org\apache\maven\maven-plugin-api\2.0.8\maven-plugin-api-2.0.8.jar;C:\Users\ThaoPN1\.m2\repository\org\apache\maven\maven-artifact-manager\2.0.8\maven-artifact-manager-2.0.8.jar;C:\Users\ThaoPN1\.m2\repository\org\apache\maven\maven-repository-metadata\2.0.8\maven-repository-metadata-2.0.8.jar;C:\Users\ThaoPN1\.m2\repository\org\codehaus\plexus\plexus-container-default\1.0-alpha-9-stable-1\plexus-container-default-1.0-alpha-9-stable-1.jar;C:\Users\ThaoPN1\.m2\repository\junit\junit\4.13.2\junit-4.13.2.jar;C:\Users\ThaoPN1\.m2\repository\org\hamcrest\hamcrest-core\2.2\hamcrest-core-2.2.jar;C:\Users\ThaoPN1\.m2\repository\classworlds\classworlds\1.1-alpha-2\classworlds-1.1-alpha-2.jar;C:\Users\ThaoPN1\.m2\repository\org\apache\maven\wagon\wagon-provider-api\1.0-alpha-5\wagon-provider-api-1.0-alpha-5.jar;C:\Users\ThaoPN1\.m2\repository\org\apache\maven\maven-artifact\2.0.8\maven-artifact-2.0.8.jar;C:\Users\ThaoPN1\.m2\repository\org\apache\maven\maven-project\2.0.8\maven-project-2.0.8.jar;C:\Users\ThaoPN1\.m2\repository\org\apache\maven\maven-settings\2.0.8\maven-settings-2.0.8.jar;C:\Users\ThaoPN1\.m2\repository\org\apache\maven\maven-profile\2.0.8\maven-profile-2.0.8.jar;C:\Users\ThaoPN1\.m2\repository\org\apache\maven\maven-model\2.0.8\maven-model-2.0.8.jar;C:\Users\ThaoPN1\.m2\repository\org\apache\maven\maven-plugin-registry\2.0.8\maven-plugin-registry-2.0.8.jar;C:\Users\ThaoPN1\.m2\repository\org\apache\maven\maven-archiver\2.2\maven-archiver-2.2.jar;C:\Users\ThaoPN1\.m2\repository\org\codehaus\plexus\plexus-archiver\1.0-alpha-7\plexus-archiver-1.0-alpha-7.jar;C:\Users\ThaoPN1\.m2\repository\org\codehaus\plexus\plexus-utils\1.0.4\plexus-utils-1.0.4.jar;C:\Users\ThaoPN1\.m2\repository\commons-codec\commons-codec\1.15\commons-codec-1.15.jar;C:\Users\ThaoPN1\.m2\repository\org\codehaus\plexus\plexus-classworlds\2.2.2\plexus-classworlds-2.2.2.jar;C:\Users\ThaoPN1\.m2\repository\org\apache\tomcat\catalina\6.0.29\catalina-6.0.29.jar;C:\Users\ThaoPN1\.m2\repository\org\apache\tomcat\juli\6.0.29\juli-6.0.29.jar;C:\Users\ThaoPN1\.m2\repository\org\apache\tomcat\annotations-api\6.0.29\annotations-api-6.0.29.jar;C:\Users\ThaoPN1\.m2\repository\org\apache\tomcat\catalina-ha\6.0.29\catalina-ha-6.0.29.jar;C:\Users\ThaoPN1\.m2\repository\org\apache\tomcat\tribes\6.0.29\tribes-6.0.29.jar;C:\Users\ThaoPN1\.m2\repository\org\apache\tomcat\el-api\6.0.29\el-api-6.0.29.jar;C:\Users\ThaoPN1\.m2\repository\org\apache\tomcat\jasper\6.0.29\jasper-6.0.29.jar;C:\Users\ThaoPN1\.m2\repository\org\apache\tomcat\jasper-el\6.0.29\jasper-el-6.0.29.jar;C:\Users\ThaoPN1\.m2\repository\org\apache\tomcat\jasper-jdt\6.0.29\jasper-jdt-6.0.29.jar;C:\Users\ThaoPN1\.m2\repository\org\apache\tomcat\jsp-api\6.0.29\jsp-api-6.0.29.jar;C:\Users\ThaoPN1\.m2\repository\org\apache\tomcat\servlet-api\6.0.29\servlet-api-6.0.29.jar;C:\Users\ThaoPN1\.m2\repository\org\apache\tomcat\coyote\6.0.29\coyote-6.0.29.jar;C:\Users\ThaoPN1\.m2\repository\org\apache\tomcat\dbcp\6.0.29\dbcp-6.0.29.jar;C:\Users\ThaoPN1\.m2\repository\net\bytebuddy\byte-buddy\1.12.23\byte-buddy-1.12.23.jar;C:\Users\ThaoPN1\.m2\repository\org\apache\logging\log4j\log4j-api\2.17.2\log4j-api-2.17.2.jar;C:\Users\ThaoPN1\.m2\repository\org\apache\logging\log4j\log4j-core\2.17.2\log4j-core-2.17.2.jar com.example.demo.SareetaApplication
2024-07-07 15:30:02,078 main DEBUG Apache Log4j Core 2.17.2 initializing configuration XmlConfiguration[location=D:\workspaces\dev-env\workspaces\Security-DevOps\target\classes\log4j2.xml]
2024-07-07 15:30:02,087 main DEBUG PluginManager 'Core' found 127 plugins
2024-07-07 15:30:02,087 main DEBUG PluginManager 'Level' found 0 plugins
2024-07-07 15:30:02,093 main DEBUG PluginManager 'Lookup' found 16 plugins
2024-07-07 15:30:02,095 main DEBUG Building Plugin[name=layout, class=org.apache.logging.log4j.core.layout.PatternLayout].
2024-07-07 15:30:02,107 main DEBUG PluginManager 'TypeConverter' found 26 plugins
2024-07-07 15:30:02,121 main DEBUG PatternLayout$Builder(pattern="%d{yyyy-mm-dd HH:mm:ss,SSS} [%t] %-5level %logger{36} - %msg%n", PatternSelector=null, Configuration(D:\workspaces\dev-env\workspaces\Security-DevOps\target\classes\log4j2.xml), Replace=null, charset="null", alwaysWriteExceptions="null", disableAnsi="null", noConsoleNoAnsi="null", header="null", footer="null")
2024-07-07 15:30:02,122 main DEBUG PluginManager 'Converter' found 48 plugins
2024-07-07 15:30:02,135 main DEBUG Building Plugin[name=appender, class=org.apache.logging.log4j.core.appender.ConsoleAppender].
2024-07-07 15:30:02,144 main DEBUG ConsoleAppender$Builder(target="SYSTEM_OUT", follow="null", direct="null", bufferedIo="null", bufferSize="null", immediateFlush="null", ignoreExceptions="null", PatternLayout(%d{yyyy-mm-dd HH:mm:ss,SSS} [%t] %-5level %logger{36} - %msg%n), name="Console", Configuration(D:\workspaces\dev-env\workspaces\Security-DevOps\target\classes\log4j2.xml), Filter=null, ={})
2024-07-07 15:30:02,147 main DEBUG Starting OutputStreamManager SYSTEM_OUT.false.false
2024-07-07 15:30:02,148 main DEBUG Building Plugin[name=layout, class=org.apache.logging.log4j.core.layout.PatternLayout].
2024-07-07 15:30:02,150 main DEBUG PatternLayout$Builder(pattern="%d %p %c{1.} [%t] %m%n", PatternSelector=null, Configuration(D:\workspaces\dev-env\workspaces\Security-DevOps\target\classes\log4j2.xml), Replace=null, charset="null", alwaysWriteExceptions="null", disableAnsi="null", noConsoleNoAnsi="null", header="null", footer="null")
2024-07-07 15:30:02,153 main DEBUG Building Plugin[name=appender, class=org.apache.logging.log4j.core.appender.FileAppender].
2024-07-07 15:30:02,157 main DEBUG FileAppender$Builder(fileName="logs/app.log", append="null", locking="null", advertise="null", advertiseUri="null", createOnDemand="null", filePermissions="null", fileOwner="null", fileGroup="null", bufferedIo="null", bufferSize="null", immediateFlush="null", ignoreExceptions="null", PatternLayout(%d %p %c{1.} [%t] %m%n), name="File", Configuration(D:\workspaces\dev-env\workspaces\Security-DevOps\target\classes\log4j2.xml), Filter=null, ={})
2024-07-07 15:30:02,161 main DEBUG Starting FileManager logs/app.log
2024-07-07 15:30:02,161 main DEBUG Building Plugin[name=appenders, class=org.apache.logging.log4j.core.config.AppendersPlugin].
2024-07-07 15:30:02,164 main DEBUG createAppenders(={Console, File})
2024-07-07 15:30:02,164 main DEBUG Building Plugin[name=AppenderRef, class=org.apache.logging.log4j.core.config.AppenderRef].
2024-07-07 15:30:02,168 main DEBUG createAppenderRef(ref="File", level="null", Filter=null)
2024-07-07 15:30:02,169 main DEBUG Building Plugin[name=AppenderRef, class=org.apache.logging.log4j.core.config.AppenderRef].
2024-07-07 15:30:02,169 main DEBUG createAppenderRef(ref="Console", level="null", Filter=null)
2024-07-07 15:30:02,169 main DEBUG Building Plugin[name=logger, class=org.apache.logging.log4j.core.config.LoggerConfig].
2024-07-07 15:30:02,173 main DEBUG LoggerConfig$Builder(additivity="false", level="DEBUG", levelAndRefs="null", name="com.example.demo", includeLocation="null", ={File, Console}, ={}, Configuration(D:\workspaces\dev-env\workspaces\Security-DevOps\target\classes\log4j2.xml), Filter=null)
2024-07-07 15:30:02,175 main DEBUG Building Plugin[name=AppenderRef, class=org.apache.logging.log4j.core.config.AppenderRef].
2024-07-07 15:30:02,175 main DEBUG createAppenderRef(ref="File", level="null", Filter=null)
2024-07-07 15:30:02,175 main DEBUG Building Plugin[name=AppenderRef, class=org.apache.logging.log4j.core.config.AppenderRef].
2024-07-07 15:30:02,176 main DEBUG createAppenderRef(ref="Console", level="null", Filter=null)
2024-07-07 15:30:02,176 main DEBUG Building Plugin[name=root, class=org.apache.logging.log4j.core.config.LoggerConfig$RootLogger].
2024-07-07 15:30:02,178 main DEBUG LoggerConfig$RootLogger$Builder(additivity="null", level="ERROR", levelAndRefs="null", includeLocation="null", ={File, Console}, ={}, Configuration(D:\workspaces\dev-env\workspaces\Security-DevOps\target\classes\log4j2.xml), Filter=null)
2024-07-07 15:30:02,178 main DEBUG Building Plugin[name=loggers, class=org.apache.logging.log4j.core.config.LoggersPlugin].
2024-07-07 15:30:02,179 main DEBUG createLoggers(={com.example.demo, root})
2024-07-07 15:30:02,180 main DEBUG Configuration XmlConfiguration[location=D:\workspaces\dev-env\workspaces\Security-DevOps\target\classes\log4j2.xml] initialized
2024-07-07 15:30:02,181 main DEBUG Starting configuration XmlConfiguration[location=D:\workspaces\dev-env\workspaces\Security-DevOps\target\classes\log4j2.xml]
2024-07-07 15:30:02,181 main DEBUG Started configuration XmlConfiguration[location=D:\workspaces\dev-env\workspaces\Security-DevOps\target\classes\log4j2.xml] OK.
2024-07-07 15:30:02,182 main DEBUG Shutting down OutputStreamManager SYSTEM_OUT.false.false-1
2024-07-07 15:30:02,183 main DEBUG OutputStream closed
2024-07-07 15:30:02,184 main DEBUG Shut down OutputStreamManager SYSTEM_OUT.false.false-1, all resources released: true
2024-07-07 15:30:02,184 main DEBUG Appender DefaultConsole-1 stopped with status true
2024-07-07 15:30:02,185 main DEBUG Stopped org.apache.logging.log4j.core.config.DefaultConfiguration@21a947fe OK
2024-07-07 15:30:02,314 main DEBUG Registering MBean org.apache.logging.log4j2:type=63947c6b
2024-07-07 15:30:02,319 main DEBUG Registering MBean org.apache.logging.log4j2:type=63947c6b,component=StatusLogger
2024-07-07 15:30:02,321 main DEBUG Registering MBean org.apache.logging.log4j2:type=63947c6b,component=ContextSelector
2024-07-07 15:30:02,322 main DEBUG Registering MBean org.apache.logging.log4j2:type=63947c6b,component=Loggers,name=
2024-07-07 15:30:02,323 main DEBUG Registering MBean org.apache.logging.log4j2:type=63947c6b,component=Loggers,name=com.example.demo
2024-07-07 15:30:02,324 main DEBUG Registering MBean org.apache.logging.log4j2:type=63947c6b,component=Appenders,name=Console
2024-07-07 15:30:02,325 main DEBUG Registering MBean org.apache.logging.log4j2:type=63947c6b,component=Appenders,name=File
2024-07-07 15:30:02,328 main DEBUG org.apache.logging.log4j.core.util.SystemClock supports precise timestamps.
2024-07-07 15:30:02,329 main DEBUG Reconfiguration complete for context[name=63947c6b] at URI D:\workspaces\dev-env\workspaces\Security-DevOps\target\classes\log4j2.xml (org.apache.logging.log4j.core.LoggerContext@2af004b) with optional ClassLoader: null
2024-07-07 15:30:02,330 main DEBUG Shutdown hook enabled. Registering a new one.
2024-07-07 15:30:02,331 main DEBUG LoggerContext[name=63947c6b, org.apache.logging.log4j.core.LoggerContext@2af004b] started OK.
2024-07-07 15:30:02,749 main DEBUG Reconfiguration started for context[name=63947c6b] at URI null (org.apache.logging.log4j.core.LoggerContext@2af004b) with optional ClassLoader: null
2024-07-07 15:30:02,749 main DEBUG Using configurationFactory org.apache.logging.log4j.core.config.ConfigurationFactory$Factory@686449f9
2024-07-07 15:30:02,755 main DEBUG PluginManager 'Lookup' found 16 plugins
2024-07-07 15:30:02,756 main DEBUG Closing BufferedInputStream java.io.BufferedInputStream@665df3c6
2024-07-07 15:30:02,760 main DEBUG Apache Log4j Core 2.17.2 initializing configuration XmlConfiguration[location=D:\workspaces\dev-env\workspaces\Security-DevOps\target\classes\log4j2.xml]
2024-07-07 15:30:02,760 main DEBUG PluginManager 'Core' found 127 plugins
2024-07-07 15:30:02,760 main DEBUG PluginManager 'Level' found 0 plugins
2024-07-07 15:30:02,761 main DEBUG PluginManager 'Lookup' found 16 plugins
2024-07-07 15:30:02,761 main DEBUG Building Plugin[name=layout, class=org.apache.logging.log4j.core.layout.PatternLayout].
2024-07-07 15:30:02,762 main DEBUG PatternLayout$Builder(pattern="%d{yyyy-mm-dd HH:mm:ss,SSS} [%t] %-5level %logger{36} - %msg%n", PatternSelector=null, Configuration(D:\workspaces\dev-env\workspaces\Security-DevOps\target\classes\log4j2.xml), Replace=null, charset="null", alwaysWriteExceptions="null", disableAnsi="null", noConsoleNoAnsi="null", header="null", footer="null")
2024-07-07 15:30:02,763 main DEBUG PluginManager 'Converter' found 48 plugins
2024-07-07 15:30:02,763 main DEBUG Building Plugin[name=appender, class=org.apache.logging.log4j.core.appender.ConsoleAppender].
2024-07-07 15:30:02,764 main DEBUG ConsoleAppender$Builder(target="SYSTEM_OUT", follow="null", direct="null", bufferedIo="null", bufferSize="null", immediateFlush="null", ignoreExceptions="null", PatternLayout(%d{yyyy-mm-dd HH:mm:ss,SSS} [%t] %-5level %logger{36} - %msg%n), name="Console", Configuration(D:\workspaces\dev-env\workspaces\Security-DevOps\target\classes\log4j2.xml), Filter=null, ={})
2024-07-07 15:30:02,767 main DEBUG Building Plugin[name=layout, class=org.apache.logging.log4j.core.layout.PatternLayout].
2024-07-07 15:30:02,768 main DEBUG PatternLayout$Builder(pattern="%d %p %c{1.} [%t] %m%n", PatternSelector=null, Configuration(D:\workspaces\dev-env\workspaces\Security-DevOps\target\classes\log4j2.xml), Replace=null, charset="null", alwaysWriteExceptions="null", disableAnsi="null", noConsoleNoAnsi="null", header="null", footer="null")
2024-07-07 15:30:02,769 main DEBUG Building Plugin[name=appender, class=org.apache.logging.log4j.core.appender.FileAppender].
2024-07-07 15:30:02,769 main DEBUG FileAppender$Builder(fileName="logs/app.log", append="null", locking="null", advertise="null", advertiseUri="null", createOnDemand="null", filePermissions="null", fileOwner="null", fileGroup="null", bufferedIo="null", bufferSize="null", immediateFlush="null", ignoreExceptions="null", PatternLayout(%d %p %c{1.} [%t] %m%n), name="File", Configuration(D:\workspaces\dev-env\workspaces\Security-DevOps\target\classes\log4j2.xml), Filter=null, ={})
2024-07-07 15:30:02,770 main DEBUG Building Plugin[name=appenders, class=org.apache.logging.log4j.core.config.AppendersPlugin].
2024-07-07 15:30:02,770 main DEBUG createAppenders(={Console, File})
2024-07-07 15:30:02,771 main DEBUG Building Plugin[name=AppenderRef, class=org.apache.logging.log4j.core.config.AppenderRef].
2024-07-07 15:30:02,771 main DEBUG createAppenderRef(ref="File", level="null", Filter=null)
2024-07-07 15:30:02,772 main DEBUG Building Plugin[name=AppenderRef, class=org.apache.logging.log4j.core.config.AppenderRef].
2024-07-07 15:30:02,772 main DEBUG createAppenderRef(ref="Console", level="null", Filter=null)
2024-07-07 15:30:02,772 main DEBUG Building Plugin[name=logger, class=org.apache.logging.log4j.core.config.LoggerConfig].
2024-07-07 15:30:02,773 main DEBUG LoggerConfig$Builder(additivity="false", level="DEBUG", levelAndRefs="null", name="com.example.demo", includeLocation="null", ={File, Console}, ={}, Configuration(D:\workspaces\dev-env\workspaces\Security-DevOps\target\classes\log4j2.xml), Filter=null)
2024-07-07 15:30:02,773 main DEBUG Building Plugin[name=AppenderRef, class=org.apache.logging.log4j.core.config.AppenderRef].
2024-07-07 15:30:02,773 main DEBUG createAppenderRef(ref="File", level="null", Filter=null)
2024-07-07 15:30:02,774 main DEBUG Building Plugin[name=AppenderRef, class=org.apache.logging.log4j.core.config.AppenderRef].
2024-07-07 15:30:02,775 main DEBUG createAppenderRef(ref="Console", level="null", Filter=null)
2024-07-07 15:30:02,775 main DEBUG Building Plugin[name=root, class=org.apache.logging.log4j.core.config.LoggerConfig$RootLogger].
2024-07-07 15:30:02,776 main DEBUG LoggerConfig$RootLogger$Builder(additivity="null", level="ERROR", levelAndRefs="null", includeLocation="null", ={File, Console}, ={}, Configuration(D:\workspaces\dev-env\workspaces\Security-DevOps\target\classes\log4j2.xml), Filter=null)
2024-07-07 15:30:02,776 main DEBUG Building Plugin[name=loggers, class=org.apache.logging.log4j.core.config.LoggersPlugin].
2024-07-07 15:30:02,776 main DEBUG createLoggers(={com.example.demo, root})
2024-07-07 15:30:02,777 main DEBUG Configuration XmlConfiguration[location=D:\workspaces\dev-env\workspaces\Security-DevOps\target\classes\log4j2.xml] initialized
2024-07-07 15:30:02,777 main DEBUG Starting configuration XmlConfiguration[location=D:\workspaces\dev-env\workspaces\Security-DevOps\target\classes\log4j2.xml]
2024-07-07 15:30:02,777 main DEBUG Started configuration XmlConfiguration[location=D:\workspaces\dev-env\workspaces\Security-DevOps\target\classes\log4j2.xml] OK.
2024-07-07 15:30:02,778 main DEBUG Appender File stopped with status true
2024-07-07 15:30:02,778 main DEBUG Appender Console stopped with status true
2024-07-07 15:30:02,778 main DEBUG Stopped XmlConfiguration[location=D:\workspaces\dev-env\workspaces\Security-DevOps\target\classes\log4j2.xml] OK
2024-07-07 15:30:02,779 main DEBUG Registering MBean org.apache.logging.log4j2:type=63947c6b
2024-07-07 15:30:02,792 main DEBUG Registering MBean org.apache.logging.log4j2:type=63947c6b,component=StatusLogger
2024-07-07 15:30:02,793 main DEBUG Registering MBean org.apache.logging.log4j2:type=63947c6b,component=ContextSelector
2024-07-07 15:30:02,794 main DEBUG Registering MBean org.apache.logging.log4j2:type=63947c6b,component=Loggers,name=
2024-07-07 15:30:02,794 main DEBUG Registering MBean org.apache.logging.log4j2:type=63947c6b,component=Loggers,name=com.example.demo
2024-07-07 15:30:02,794 main DEBUG Registering MBean org.apache.logging.log4j2:type=63947c6b,component=Appenders,name=Console
2024-07-07 15:30:02,795 main DEBUG Registering MBean org.apache.logging.log4j2:type=63947c6b,component=Appenders,name=File
2024-07-07 15:30:02,795 main DEBUG Reconfiguration complete for context[name=63947c6b] at URI D:\workspaces\dev-env\workspaces\Security-DevOps\target\classes\log4j2.xml (org.apache.logging.log4j.core.LoggerContext@2af004b) with optional ClassLoader: null

  .   ____          _            __ _ _
 /\\ / ___'_ __ _ _(_)_ __  __ _ \ \ \ \
( ( )\___ | '_ | '_| | '_ \/ _` | \ \ \ \
 \\/  ___)| |_)| | | | | || (_| |  ) ) ) )
  '  |____| .__|_| |_|_| |_\__, | / / / /
 =========|_|==============|___/=/_/_/_/
 :: Spring Boot ::               (v2.7.12)

2024-30-07 15:30:02,929 [main] INFO  com.example.demo.SareetaApplication - Starting SareetaApplication using Java 17.0.2 on CVP00092092B with PID 24252 (D:\workspaces\dev-env\workspaces\Security-DevOps\target\classes started by ThaoPN1 in D:\workspaces\dev-env\workspaces\Security-DevOps)
2024-07-07 15:30:02,939 main DEBUG AsyncLogger.ThreadNameStrategy=UNCACHED (user specified null, default is UNCACHED)
2024-07-07 15:30:02,939 main DEBUG org.apache.logging.log4j.core.util.SystemClock supports precise timestamps.
2024-30-07 15:30:02,942 [main] DEBUG com.example.demo.SareetaApplication - Running with Spring Boot v2.7.12, Spring v5.3.27
2024-30-07 15:30:02,943 [main] INFO  com.example.demo.SareetaApplication - No active profile set, falling back to 1 default profile: "default"
2024-30-07 15:30:08,400 [main] DEBUG com.example.demo.security.JWTAuthenticationFilter - Filter 'JWTAuthenticationFilter' configured for use
2024-30-07 15:30:09,151 [main] INFO  com.example.demo.SareetaApplication - Started SareetaApplication in 6.719 seconds (JVM running for 8.254)
2024-30-07 15:30:33,221 [http-nio-8080-exec-2] INFO  com.example.demo.controllers.UserController - [USER_CREATE_NORMAL]: Create User 'thaopn1' successfully
2024-59-07 15:59:21,812 [http-nio-8080-exec-8] ERROR com.example.demo.controllers.UserController - [USER_CREATE_ERROR]: Passsword empty
2024-59-07 15:59:46,805 [http-nio-8080-exec-7] ERROR com.example.demo.controllers.UserController - [USER_CREATE_ERROR]: Password not match
2024-00-07 16:00:05,094 [http-nio-8080-exec-1] INFO  com.example.demo.controllers.UserController - [USER_CREATE_NORMAL]: Create User 'thaopn2' successfully
2024-00-07 16:00:56,956 [http-nio-8080-exec-2] INFO  com.example.demo.controllers.UserController - [USER_CREATE_NORMAL]: Create User 'thaopn3' successfully
2024-01-07 16:01:01,599 [http-nio-8080-exec-3] INFO  com.example.demo.controllers.UserController - [USER_CREATE_NORMAL]: Create User 'thaopn4' successfully
2024-01-07 16:01:06,893 [http-nio-8080-exec-4] INFO  com.example.demo.controllers.UserController - [USER_CREATE_NORMAL]: Create User 'thaopn5' successfully
2024-03-07 16:03:46,743 [http-nio-8080-exec-2] ERROR com.example.demo.controllers.OrderController - [ORDER_CREATE_ERROR]: User "thao" is not available
2024-04-07 16:04:05,333 [http-nio-8080-exec-3] INFO  com.example.demo.controllers.OrderController - [ORDER_CREATE_NORMAL]: Order for user "thaopn1" success
2024-04-07 16:04:18,301 [http-nio-8080-exec-4] INFO  com.example.demo.controllers.OrderController - [ORDER_CREATE_NORMAL]: Order for user "thaopn1" success
2024-04-07 16:04:25,123 [http-nio-8080-exec-5] INFO  com.example.demo.controllers.OrderController - [ORDER_CREATE_NORMAL]: Order for user "thaopn2" success
2024-04-07 16:04:28,213 [http-nio-8080-exec-6] INFO  com.example.demo.controllers.OrderController - [ORDER_CREATE_NORMAL]: Order for user "thaopn3" success
2024-04-07 16:04:32,729 [http-nio-8080-exec-8] INFO  com.example.demo.controllers.OrderController - [ORDER_CREATE_NORMAL]: Order for user "thaopn4" success
2024-06-07 16:06:08,015 [http-nio-8080-exec-2] INFO  com.example.demo.controllers.OrderController - [ORDER_HISTORY_NORMAL]: Order history for user "thaopn1" success
2024-06-07 16:06:19,934 [http-nio-8080-exec-3] INFO  com.example.demo.controllers.OrderController - [ORDER_HISTORY_NORMAL]: Order history for user "thaopn4" success
2024-06-07 16:06:24,319 [http-nio-8080-exec-4] INFO  com.example.demo.controllers.OrderController - [ORDER_HISTORY_NORMAL]: Order history for user "thaopn5" success
2024-06-07 16:06:30,926 [http-nio-8080-exec-5] INFO  com.example.demo.controllers.OrderController - [ORDER_HISTORY_NORMAL]: Order history for user "thaopn2" success
